Test: one client (3A) ...
  ... Passed --  15.1  5 13571 1349
Test: ops complete fast enough (3A) ...
  ... Passed --  10.5  3  6430    0
Test: many clients (3A) ...
  ... Passed --  15.3  5 15570 2005
Test: unreliable net, many clients (3A) ...
  ... Passed --  15.8  5 14373 1406
Test: concurrent append to same key, unreliable (3A) ...
  ... Passed --   0.6  3   302   52
Test: progress in majority (3A) ...
  ... Passed --   0.2  5    95    2
Test: no progress in minority (3A) ...
  ... Passed --   1.0  5   896    3
Test: completion after heal (3A) ...
  ... Passed --   1.0  5   813    3
Test: partitions, one client (3A) ...
  ... Passed --  22.4  5 20458 1553
Test: partitions, many clients (3A) ...
  ... Passed --  22.6  5 26946 2080
Test: restarts, one client (3A) ...
  ... Passed --  18.6  5 16816 1369
Test: restarts, many clients (3A) ...
  ... Passed --  19.0  5 37274 1963
Test: unreliable net, restarts, many clients (3A) ...
  ... Passed --  20.3  5 15565 1391
Test: restarts, partitions, many clients (3A) ...
  ... Passed --  26.3  5 33777 2257
Test: unreliable net, restarts, partitions, many clients (3A) ...
  ... Passed --  27.2  5 19859 1287
Test: unreliable net, restarts, partitions, random keys, many clients (3A) ...
  ... Passed --  30.4  7 32319 1136
PASS
ok  	6.824/kvraft	246.400s
